Started GET "/rails/active_storage/representations/redirect/eyJfcmFpbHMiOnsiZGF0YSI6MiwicHVyIjoiYmxvYl9pZCJ9fQ==--baab2e53dde0b228590a49b46cc38b4d7b0eead5/eyJfcmFpbHMiOnsiZGF0YSI6eyJmb3JtYXQiOiJqcGciLCJyZXNpemVfdG9fbGltaXQiOlsxMDI0LDc2OF19LCJwdXIiOiJ2YXJpYXRpb24ifX0=--fa08b5a25c84dcd513e82a0db7de38c634a1f89e/Matt-Stock.jpg" for ::1 at 2023-03-27 04:46:36 +0530
Started GET "/rails/active_storage/representations/redirect/eyJfcmFpbHMiOnsiZGF0YSI6MSwicHVyIjoiYmxvYl9pZCJ9fQ==--7fcbc5cfd29d04a586417a7cefa2dceb3a9bd598/eyJfcmFpbHMiOnsiZGF0YSI6eyJmb3JtYXQiOiJqcGVnIiwicmVzaXplX3RvX2xpbWl0IjpbMTAyNCw3NjhdfSwicHVyIjoidmFyaWF0aW9uIn19--e6429249f9d9872adb1d822c499a4436769f19ce/pexels-photo-2726111.jpeg" for ::1 at 2023-03-27 04:46:36 +0530
  [1m[35m (51.9ms)[0m  [1m[35mCREATE TABLE "schema_migrations" ("version" varchar NOT NULL PRIMARY KEY)[0m
  [1m[35m (34.6ms)[0m  [1m[35mCREATE TABLE "ar_internal_metadata" ("key" varchar NOT NULL PRIMARY KEY, "value" varchar, "created_at" datetime(6) NOT NULL, "updated_at" datetime(6) NOT NULL)[0m
  [1m[36mActiveRecord::SchemaMigration Load (0.2ms)[0m  [1m[34mSELECT "schema_migrations"."version" FROM "schema_migrations" ORDER BY "schema_migrations"."version" ASC[0m
Processing by ActiveStorage::Representations::RedirectController#show as JPEG
  Parameters: {"signed_blob_id"=>"eyJfcmFpbHMiOnsiZGF0YSI6MSwicHVyIjoiYmxvYl9pZCJ9fQ==--7fcbc5cfd29d04a586417a7cefa2dceb3a9bd598", "variation_key"=>"[FILTERED]", "filename"=>"pexels-photo-2726111"}
Processing by ActiveStorage::Representations::RedirectController#show as JPEG
  Parameters: {"signed_blob_id"=>"eyJfcmFpbHMiOnsiZGF0YSI6MiwicHVyIjoiYmxvYl9pZCJ9fQ==--baab2e53dde0b228590a49b46cc38b4d7b0eead5", "variation_key"=>"[FILTERED]", "filename"=>"Matt-Stock"}
Filter chain halted as :set_blob rendered or redirected
Filter chain halted as :set_blob rendered or redirected
Completed 404 Not Found in 198ms (ActiveRecord: 0.9ms | Allocations: 19344)


Completed 404 Not Found in 195ms (ActiveRecord: 0.0ms | Allocations: 18948)


  [1m[36mActiveRecord::SchemaMigration Load (0.4ms)[0m  [1m[34mSELECT "schema_migrations"."version" FROM "schema_migrations" ORDER BY "schema_migrations"."version" ASC[0m
  [1m[36mActiveRecord::SchemaMigration Load (0.0ms)[0m  [1m[34mSELECT "schema_migrations"."version" FROM "schema_migrations" ORDER BY "schema_migrations"."version" ASC[0m
  [1m[35m (18.1ms)[0m  [1m[35mCREATE TABLE "schema_migrations" ("version" varchar NOT NULL PRIMARY KEY)[0m
  [1m[35m (17.5ms)[0m  [1m[35mCREATE TABLE "ar_internal_metadata" ("key" varchar NOT NULL PRIMARY KEY, "value" varchar, "created_at" datetime(6) NOT NULL, "updated_at" datetime(6) NOT NULL)[0m
  [1m[36mActiveRecord::InternalMetadata Load (0.2ms)[0m  [1m[34mSELECT * FROM "ar_internal_metadata" WHERE "ar_internal_metadata"."key" = ? ORDER BY "ar_internal_metadata"."key" ASC LIMIT 1[0m  [[nil, "environment"]]
  [1m[36mActiveRecord::InternalMetadata Create (12.1ms)[0m  [1m[32mINSERT INTO "ar_internal_metadata" ("key", "value", "created_at", "updated_at") VALUES ('environment', 'development', '2023-03-26 23:18:16.225093', '2023-03-26 23:18:16.225098')[0m
  [1m[36mActiveRecord::SchemaMigration Load (0.1ms)[0m  [1m[34mSELECT "schema_migrations"."version" FROM "schema_migrations" ORDER BY "schema_migrations"."version" ASC[0m
  [1m[36mActiveRecord::InternalMetadata Load (0.2ms)[0m  [1m[34mSELECT * FROM "ar_internal_metadata" WHERE "ar_internal_metadata"."key" = ? ORDER BY "ar_internal_metadata"."key" ASC LIMIT 1[0m  [[nil, "environment"]]
  [1m[36mActiveRecord::SchemaMigration Load (0.2ms)[0m  [1m[34mSELECT "schema_migrations"."version" FROM "schema_migrations" ORDER BY "schema_migrations"."version" ASC[0m
Started GET "/posts" for ::1 at 2023-03-27 04:48:44 +0530
  [1m[36mActiveRecord::SchemaMigration Load (0.3ms)[0m  [1m[34mSELECT "schema_migrations"."version" FROM "schema_migrations" ORDER BY "schema_migrations"."version" ASC[0m
  
ActionController::RoutingError (No route matches [GET] "/posts"):
  
Started GET "/" for ::1 at 2023-03-27 04:48:51 +0530
Processing by Rails::WelcomeController#index as HTML
  Rendering /home/tanay/.rbenv/versions/3.2.1/lib/ruby/gems/3.2.0/bundler/gems/rails-2d43f513afd6/railties/lib/rails/templates/rails/welcome/index.html.erb
  Rendered /home/tanay/.rbenv/versions/3.2.1/lib/ruby/gems/3.2.0/bundler/gems/rails-2d43f513afd6/railties/lib/rails/templates/rails/welcome/index.html.erb (Duration: 0.9ms | Allocations: 251)
Completed 200 OK in 18ms (Views: 2.9ms | ActiveRecord: 0.0ms | Allocations: 1748)


Started GET "/" for ::1 at 2023-03-27 04:49:48 +0530
  [1m[36mActiveRecord::SchemaMigration Load (0.4ms)[0m  [1m[34mSELECT "schema_migrations"."version" FROM "schema_migrations" ORDER BY "schema_migrations"."version" ASC[0m
Processing by Rails::WelcomeController#index as HTML
  Rendering /home/tanay/.rbenv/versions/3.2.1/lib/ruby/gems/3.2.0/bundler/gems/rails-2d43f513afd6/railties/lib/rails/templates/rails/welcome/index.html.erb
  Rendered /home/tanay/.rbenv/versions/3.2.1/lib/ruby/gems/3.2.0/bundler/gems/rails-2d43f513afd6/railties/lib/rails/templates/rails/welcome/index.html.erb (Duration: 4.0ms | Allocations: 358)
Completed 200 OK in 27ms (Views: 9.9ms | ActiveRecord: 0.0ms | Allocations: 3924)


  [1m[36mActiveRecord::SchemaMigration Load (0.3ms)[0m  [1m[34mSELECT "schema_migrations"."version" FROM "schema_migrations" ORDER BY "schema_migrations"."version" ASC[0m
  [1m[36mActiveRecord::SchemaMigration Load (0.1ms)[0m  [1m[34mSELECT "schema_migrations"."version" FROM "schema_migrations" ORDER BY "schema_migrations"."version" ASC[0m
Started GET "/" for ::1 at 2023-03-27 04:50:28 +0530
  [1m[35m (266.4ms)[0m  [1m[35mCREATE TABLE "schema_migrations" ("version" varchar NOT NULL PRIMARY KEY)[0m
  [1m[35m (55.2ms)[0m  [1m[35mCREATE TABLE "ar_internal_metadata" ("key" varchar NOT NULL PRIMARY KEY, "value" varchar, "created_at" datetime(6) NOT NULL, "updated_at" datetime(6) NOT NULL)[0m
  [1m[36mActiveRecord::SchemaMigration Load (0.2ms)[0m  [1m[34mSELECT "schema_migrations"."version" FROM "schema_migrations" ORDER BY "schema_migrations"."version" ASC[0m
Processing by Rails::WelcomeController#index as HTML
  Rendering /home/tanay/.rbenv/versions/3.2.1/lib/ruby/gems/3.2.0/bundler/gems/rails-2d43f513afd6/railties/lib/rails/templates/rails/welcome/index.html.erb
  Rendered /home/tanay/.rbenv/versions/3.2.1/lib/ruby/gems/3.2.0/bundler/gems/rails-2d43f513afd6/railties/lib/rails/templates/rails/welcome/index.html.erb (Duration: 1.2ms | Allocations: 357)
Completed 200 OK in 44ms (Views: 9.8ms | ActiveRecord: 0.0ms | Allocations: 3921)


  [1m[36mActiveRecord::InternalMetadata Load (0.3ms)[0m  [1m[34mSELECT * FROM "ar_internal_metadata" WHERE "ar_internal_metadata"."key" = ? ORDER BY "ar_internal_metadata"."key" ASC LIMIT 1[0m  [[nil, "environment"]]
  [1m[36mActiveRecord::InternalMetadata Create (14.6ms)[0m  [1m[32mINSERT INTO "ar_internal_metadata" ("key", "value", "created_at", "updated_at") VALUES ('environment', 'development', '2023-03-26 23:28:57.269795', '2023-03-26 23:28:57.269806')[0m
  [1m[36mActiveRecord::SchemaMigration Load (0.4ms)[0m  [1m[34mSELECT "schema_migrations"."version" FROM "schema_migrations" ORDER BY "schema_migrations"."version" ASC[0m
Migrating to CreatePosts (20230326232242)
  [1m[36mTRANSACTION (0.1ms)[0m  [1m[36mbegin transaction[0m
  [1m[35m (3.2ms)[0m  [1m[35mCREATE TABLE "posts" ("id" integer PRIMARY KEY AUTOINCREMENT NOT NULL, "title" varchar, "created_at" datetime(6) NOT NULL, "updated_at" datetime(6) NOT NULL)[0m
  [1m[36mActiveRecord::SchemaMigration Create (0.3ms)[0m  [1m[32mINSERT INTO "schema_migrations" ("version") VALUES ('20230326232242')[0m
  [1m[36mTRANSACTION (17.5ms)[0m  [1m[36mcommit transaction[0m
Migrating to CreateActiveStorageTables (20230326232306)
  [1m[36mTRANSACTION (0.1ms)[0m  [1m[36mbegin transaction[0m
  [1m[35m (2.5ms)[0m  [1m[35mCREATE TABLE "active_storage_blobs" ("id" integer PRIMARY KEY AUTOINCREMENT NOT NULL, "key" varchar NOT NULL, "filename" varchar NOT NULL, "content_type" varchar, "metadata" text, "service_name" varchar NOT NULL, "byte_size" bigint NOT NULL, "checksum" varchar, "created_at" datetime(6) NOT NULL)[0m
  [1m[35m (0.4ms)[0m  [1m[35mCREATE UNIQUE INDEX "index_active_storage_blobs_on_key" ON "active_storage_blobs" ("key")[0m
  [1m[35m (0.1ms)[0m  [1m[35mCREATE TABLE "active_storage_attachments" ("id" integer PRIMARY KEY AUTOINCREMENT NOT NULL, "name" varchar NOT NULL, "record_type" varchar NOT NULL, "record_id" bigint NOT NULL, "blob_id" bigint NOT NULL, "created_at" datetime(6) NOT NULL, CONSTRAINT "fk_rails_c3b3935057"
FOREIGN KEY ("blob_id")
  REFERENCES "active_storage_blobs" ("id")
)[0m
  [1m[35m (0.3ms)[0m  [1m[35mCREATE INDEX "index_active_storage_attachments_on_blob_id" ON "active_storage_attachments" ("blob_id")[0m
  [1m[35m (0.4ms)[0m  [1m[35mCREATE UNIQUE INDEX "index_active_storage_attachments_uniqueness" ON "active_storage_attachments" ("record_type", "record_id", "name", "blob_id")[0m
  [1m[35m (1.9ms)[0m  [1m[35mCREATE TABLE "active_storage_variant_records" ("id" integer PRIMARY KEY AUTOINCREMENT NOT NULL, "blob_id" bigint NOT NULL, "variation_digest" varchar NOT NULL, CONSTRAINT "fk_rails_993965df05"
FOREIGN KEY ("blob_id")
  REFERENCES "active_storage_blobs" ("id")
)[0m
  [1m[35m (0.2ms)[0m  [1m[35mCREATE UNIQUE INDEX "index_active_storage_variant_records_uniqueness" ON "active_storage_variant_records" ("blob_id", "variation_digest")[0m
  [1m[36mActiveRecord::SchemaMigration Create (0.3ms)[0m  [1m[32mINSERT INTO "schema_migrations" ("version") VALUES ('20230326232306')[0m
  [1m[36mTRANSACTION (17.6ms)[0m  [1m[36mcommit transaction[0m
Migrating to CreateActionTextTables (20230326232307)
  [1m[36mTRANSACTION (0.0ms)[0m  [1m[36mbegin transaction[0m
  [1m[35m (1.6ms)[0m  [1m[35mCREATE TABLE "action_text_rich_texts" ("id" integer PRIMARY KEY AUTOINCREMENT NOT NULL, "name" varchar NOT NULL, "body" text, "record_type" varchar NOT NULL, "record_id" bigint NOT NULL, "created_at" datetime(6) NOT NULL, "updated_at" datetime(6) NOT NULL)[0m
  [1m[35m (0.3ms)[0m  [1m[35mCREATE UNIQUE INDEX "index_action_text_rich_texts_uniqueness" ON "action_text_rich_texts" ("record_type", "record_id", "name")[0m
  [1m[36mActiveRecord::SchemaMigration Create (0.3ms)[0m  [1m[32mINSERT INTO "schema_migrations" ("version") VALUES ('20230326232307')[0m
  [1m[36mTRANSACTION (19.8ms)[0m  [1m[36mcommit transaction[0m
  [1m[36mActiveRecord::SchemaMigration Load (0.3ms)[0m  [1m[34mSELECT "schema_migrations"."version" FROM "schema_migrations" ORDER BY "schema_migrations"."version" ASC[0m
Started GET "/" for ::1 at 2023-03-27 04:59:13 +0530
  [1m[36mActiveRecord::SchemaMigration Load (0.7ms)[0m  [1m[34mSELECT "schema_migrations"."version" FROM "schema_migrations" ORDER BY "schema_migrations"."version" ASC[0m
Processing by PostsController#index as HTML
  Rendering layout layouts/application.html.erb
  Rendering posts/index.html.erb within layouts/application
  [1m[36mPost Load (0.4ms)[0m  [1m[34mSELECT "posts".* FROM "posts"[0m
  ↳ app/views/posts/index.html.erb:6
  Rendered posts/index.html.erb within layouts/application (Duration: 63.3ms | Allocations: 3663)
  Rendered layout layouts/application.html.erb (Duration: 1132.0ms | Allocations: 106630)
Completed 200 OK in 1275ms (Views: 1168.8ms | ActiveRecord: 0.3ms | Allocations: 117002)


Started GET "/posts/new" for ::1 at 2023-03-27 04:59:17 +0530
Processing by PostsController#new as HTML
  Rendering layout layouts/application.html.erb
  Rendering posts/new.html.erb within layouts/application
  Rendered posts/_form.html.erb (Duration: 82.9ms | Allocations: 18338)
  Rendered posts/new.html.erb within layouts/application (Duration: 85.1ms | Allocations: 18638)
  Rendered layout layouts/application.html.erb (Duration: 92.6ms | Allocations: 21117)
Completed 200 OK in 108ms (Views: 93.4ms | ActiveRecord: 1.9ms | Allocations: 24641)


Started POST "/rails/active_storage/direct_uploads" for ::1 at 2023-03-27 04:59:53 +0530
Processing by ActiveStorage::DirectUploadsController#create as JSON
  Parameters: {"blob"=>{"filename"=>"stock-photo-portrait-of-smiling-red-haired-millennial-man-looking-at-camera-sitting-in-caf-or-coffeeshop-250nw-1194497251.webp", "content_type"=>"image/webp", "byte_size"=>8732, "checksum"=>"a3trS/dJI58GmoFjOsrUfA=="}, "direct_upload"=>{"blob"=>{"filename"=>"stock-photo-portrait-of-smiling-red-haired-millennial-man-looking-at-camera-sitting-in-caf-or-coffeeshop-250nw-1194497251.webp", "content_type"=>"image/webp", "byte_size"=>8732, "checksum"=>"a3trS/dJI58GmoFjOsrUfA=="}}}
  [1m[36mTRANSACTION (0.1ms)[0m  [1m[36mbegin transaction[0m
  [1m[36mActiveStorage::Blob Create (5.0ms)[0m  [1m[32mINSERT INTO "active_storage_blobs" ("key", "filename", "content_type", "metadata", "service_name", "byte_size", "checksum", "created_at") VALUES (?, ?, ?, ?, ?, ?, ?, ?)[0m  [["key", "pymhkxgqsb6tq3r1qcw2taygqb1y"], ["filename", "stock-photo-portrait-of-smiling-red-haired-millennial-man-looking-at-camera-sitting-in-caf-or-coffeeshop-250nw-1194497251.webp"], ["content_type", "image/webp"], ["metadata", nil], ["service_name", "local"], ["byte_size", 8732], ["checksum", "a3trS/dJI58GmoFjOsrUfA=="], ["created_at", "2023-03-26 23:29:53.377741"]]
  [1m[36mTRANSACTION (35.4ms)[0m  [1m[36mcommit transaction[0m
[36m  Disk Storage (0.6ms) [0m[34mGenerated URL for file at key: pymhkxgqsb6tq3r1qcw2taygqb1y (http://localhost:3000/rails/active_storage/disk/eyJfcmFpbHMiOnsiZGF0YSI6eyJrZXkiOiJweW1oa3hncXNiNnRxM3IxcWN3MnRheWdxYjF5IiwiY29udGVudF90eXBlIjoiaW1hZ2Uvd2VicCIsImNvbnRlbnRfbGVuZ3RoIjo4NzMyLCJjaGVja3N1bSI6ImEzdHJTL2RKSTU4R21vRmpPc3JVZkE9PSIsInNlcnZpY2VfbmFtZSI6ImxvY2FsIn0sImV4cCI6IjIwMjMtMDMtMjZUMjM6MzQ6NTMuNDM2WiIsInB1ciI6ImJsb2JfdG9rZW4ifX0=--751edaad17e0f1c4271a4fb052e4925be5f9507c)[0m
Completed 200 OK in 84ms (Views: 0.8ms | ActiveRecord: 41.4ms | Allocations: 11023)


Started PUT "/rails/active_storage/disk/eyJfcmFpbHMiOnsiZGF0YSI6eyJrZXkiOiJweW1oa3hncXNiNnRxM3IxcWN3MnRheWdxYjF5IiwiY29udGVudF90eXBlIjoiaW1hZ2Uvd2VicCIsImNvbnRlbnRfbGVuZ3RoIjo4NzMyLCJjaGVja3N1bSI6ImEzdHJTL2RKSTU4R21vRmpPc3JVZkE9PSIsInNlcnZpY2VfbmFtZSI6ImxvY2FsIn0sImV4cCI6IjIwMjMtMDMtMjZUMjM6MzQ6NTMuNDM2WiIsInB1ciI6ImJsb2JfdG9rZW4ifX0=--751edaad17e0f1c4271a4fb052e4925be5f9507c" for ::1 at 2023-03-27 04:59:53 +0530
Processing by ActiveStorage::DiskController#update as */*
  Parameters: {"encoded_token"=>"[FILTERED]"}
[36m  Disk Storage (1.1ms) [0m[32mUploaded file to key: pymhkxgqsb6tq3r1qcw2taygqb1y (checksum: a3trS/dJI58GmoFjOsrUfA==)[0m
Completed 204 No Content in 3ms (ActiveRecord: 0.0ms | Allocations: 697)


Started POST "/posts" for ::1 at 2023-03-27 04:59:57 +0530
Processing by PostsController#create as TURBO_STREAM
  Parameters: {"authenticity_token"=>"[FILTERED]", "post"=>{"title"=>"Test_1", "body"=>"<div>Testimh<br><br>ddms |!#!$\#@<br><br><figure data-trix-attachment=\"{&quot;contentType&quot;:&quot;image/webp&quot;,&quot;filename&quot;:&quot;stock-photo-portrait-of-smiling-red-haired-millennial-man-looking-at-camera-sitting-in-caf-or-coffeeshop-250nw-1194497251.webp&quot;,&quot;filesize&quot;:8732,&quot;sgid&quot;:&quot;eyJnaWQiOiJnaWQ6Ly9kZW1vL0FjdGl2ZVN0b3JhZ2U6OkJsb2IvMT9leHBpcmVzX2luIiwicHVycG9zZSI6ImF0dGFjaGFibGUiLCJleHBpcmVzX2F0IjpudWxsfQ==--91ae0559fce951864592d284605dfabcd1209a55&quot;,&quot;url&quot;:&quot;http://localhost:3000/rails/active_storage/blobs/redirect/eyJfcmFpbHMiOnsiZGF0YSI6MSwicHVyIjoiYmxvYl9pZCJ9fQ==--4cd993ddc22d95ad798885fcadd28a1f13ae6446/stock-photo-portrait-of-smiling-red-haired-millennial-man-looking-at-camera-sitting-in-caf-or-coffeeshop-250nw-1194497251.webp&quot;}\" data-trix-content-type=\"image/webp\" class=\"attachment attachment--file attachment--webp\"><figcaption class=\"attachment__caption\"><span class=\"attachment__name\">stock-photo-portrait-of-smiling-red-haired-millennial-man-looking-at-camera-sitting-in-caf-or-coffeeshop-250nw-1194497251.webp</span> <span class=\"attachment__size\">8.53 KB</span></figcaption></figure></div>"}, "commit"=>"Create Post"}
  [1m[36mTRANSACTION (0.1ms)[0m  [1m[36mbegin transaction[0m
  ↳ app/controllers/posts_controller.rb:27:in `block in create'
  [1m[36mPost Create (2.4ms)[0m  [1m[32mINSERT INTO "posts" ("title", "created_at", "updated_at") VALUES (?, ?, ?)[0m  [["title", "Test_1"], ["created_at", "2023-03-26 23:29:57.699711"], ["updated_at", "2023-03-26 23:29:57.699711"]]
  ↳ app/controllers/posts_controller.rb:27:in `block in create'
  [1m[36mActiveStorage::Blob Load (0.3ms)[0m  [1m[34mSELECT "active_storage_blobs".* FROM "active_storage_blobs" WHERE "active_storage_blobs"."id" = ? LIMIT ?[0m  [["id", 1], ["LIMIT", 1]]
  ↳ app/controllers/posts_controller.rb:27:in `block in create'
  [1m[36mCACHE ActiveStorage::Blob Load (0.0ms)[0m  [1m[34mSELECT "active_storage_blobs".* FROM "active_storage_blobs" WHERE "active_storage_blobs"."id" = ? LIMIT ?[0m  [["id", 1], ["LIMIT", 1]]
  ↳ app/controllers/posts_controller.rb:27:in `block in create'
  [1m[36mActionText::RichText Create (0.2ms)[0m  [1m[32mINSERT INTO "action_text_rich_texts" ("name", "body", "record_type", "record_id", "created_at", "updated_at") VALUES (?, ?, ?, ?, ?, ?)[0m  [["name", "body"], ["body", "<div>Testimh<br><br>ddms |!#!$\#@<br><br><action-text-attachment sgid=\"eyJnaWQiOiJnaWQ6Ly9kZW1vL0FjdGl2ZVN0b3JhZ2U6OkJsb2IvMT9leHBpcmVzX2luIiwicHVycG9zZSI6ImF0dGFjaGFibGUiLCJleHBpcmVzX2F0IjpudWxsfQ==--91ae0559fce951864592d284605dfabcd1209a55\" content-type=\"image/webp\" url=\"http://localhost:3000/rails/active_storage/blobs/redirect/eyJfcmFpbHMiOnsiZGF0YSI6MSwicHVyIjoiYmxvYl9pZCJ9fQ==--4cd993ddc22d95ad798885fcadd28a1f13ae6446/stock-photo-portrait-of-smiling-red-haired-millennial-man-looking-at-camera-sitting-in-caf-or-coffeeshop-250nw-1194497251.webp\" filename=\"stock-photo-portrait-of-smiling-red-haired-millennial-man-looking-at-camera-sitting-in-caf-or-coffeeshop-250nw-1194497251.webp\" filesize=\"8732\"></action-text-attachment></div>"], ["record_type", "Post"], ["record_id", 1], ["created_at", "2023-03-26 23:29:57.768083"], ["updated_at", "2023-03-26 23:29:57.768083"]]
  ↳ app/controllers/posts_controller.rb:27:in `block in create'
  [1m[36mActiveStorage::Blob Load (0.1ms)[0m  [1m[34mSELECT "active_storage_blobs".* FROM "active_storage_blobs" WHERE "active_storage_blobs"."id" = ? LIMIT ?[0m  [["id", 1], ["LIMIT", 1]]
  ↳ app/controllers/posts_controller.rb:27:in `block in create'
  [1m[36mActiveStorage::Blob Update (0.4ms)[0m  [1m[33mUPDATE "active_storage_blobs" SET "metadata" = ? WHERE "active_storage_blobs"."id" = ?[0m  [["metadata", "{\"identified\":true}"], ["id", 1]]
  ↳ app/controllers/posts_controller.rb:27:in `block in create'
  [1m[36mActiveStorage::Attachment Load (0.2ms)[0m  [1m[34mSELECT "active_storage_attachments".* FROM "active_storage_attachments" WHERE "active_storage_attachments"."blob_id" = ?[0m  [["blob_id", 1]]
  ↳ app/controllers/posts_controller.rb:27:in `block in create'
  [1m[36mActiveStorage::Attachment Create (0.3ms)[0m  [1m[32mINSERT INTO "active_storage_attachments" ("name", "record_type", "record_id", "blob_id", "created_at") VALUES (?, ?, ?, ?, ?)[0m  [["name", "embeds"], ["record_type", "ActionText::RichText"], ["record_id", 1], ["blob_id", 1], ["created_at", "2023-03-26 23:29:57.828677"]]
  ↳ app/controllers/posts_controller.rb:27:in `block in create'
  [1m[36mPost Update (0.1ms)[0m  [1m[33mUPDATE "posts" SET "updated_at" = ? WHERE "posts"."id" = ?[0m  [["updated_at", "2023-03-26 23:29:57.832925"], ["id", 1]]
  ↳ app/controllers/posts_controller.rb:27:in `block in create'
  [1m[36mActionText::RichText Update (0.1ms)[0m  [1m[33mUPDATE "action_text_rich_texts" SET "updated_at" = ? WHERE "action_text_rich_texts"."id" = ?[0m  [["updated_at", "2023-03-26 23:29:57.832246"], ["id", 1]]
  ↳ app/controllers/posts_controller.rb:27:in `block in create'
  [1m[36mTRANSACTION (26.8ms)[0m  [1m[36mcommit transaction[0m
  ↳ app/controllers/posts_controller.rb:27:in `block in create'
[ActiveJob] Enqueued ActiveStorage::AnalyzeJob (Job ID: 00736d62-c8e9-4bfc-84a6-4b0346e38ece) to Async(default) with arguments: #<GlobalID:0x00007f6afcb792d8 @uri=#<URI::GID gid://demo/ActiveStorage::Blob/1>>
Redirected to http://localhost:3000/posts/1
Completed 302 Found in 215ms (ActiveRecord: 31.2ms | Allocations: 46396)


[ActiveJob] [ActiveStorage::AnalyzeJob] [00736d62-c8e9-4bfc-84a6-4b0346e38ece]   [1m[36mActiveStorage::Blob Load (0.1ms)[0m  [1m[34mSELECT "active_storage_blobs".* FROM "active_storage_blobs" WHERE "active_storage_blobs"."id" = ? LIMIT ?[0m  [["id", 1], ["LIMIT", 1]]
[ActiveJob] [ActiveStorage::AnalyzeJob] [00736d62-c8e9-4bfc-84a6-4b0346e38ece] Performing ActiveStorage::AnalyzeJob (Job ID: 00736d62-c8e9-4bfc-84a6-4b0346e38ece) from Async(default) enqueued at 2023-03-26T23:29:57.905675662Z with arguments: #<GlobalID:0x00007f6afcadc0f0 @uri=#<URI::GID gid://demo/ActiveStorage::Blob/1>>
Started GET "/posts/1" for ::1 at 2023-03-27 04:59:57 +0530
[ActiveJob] [ActiveStorage::AnalyzeJob] [00736d62-c8e9-4bfc-84a6-4b0346e38ece] Skipping image analysis because the ruby-vips gem isn't installed
[ActiveJob] [ActiveStorage::AnalyzeJob] [00736d62-c8e9-4bfc-84a6-4b0346e38ece]   [1m[36mTRANSACTION (0.1ms)[0m  [1m[36mbegin transaction[0m
[ActiveJob] [ActiveStorage::AnalyzeJob] [00736d62-c8e9-4bfc-84a6-4b0346e38ece]   [1m[36mActiveStorage::Blob Update (2.9ms)[0m  [1m[33mUPDATE "active_storage_blobs" SET "metadata" = ? WHERE "active_storage_blobs"."id" = ?[0m  [["metadata", "{\"identified\":true,\"analyzed\":true}"], ["id", 1]]
[ActiveJob] [ActiveStorage::AnalyzeJob] [00736d62-c8e9-4bfc-84a6-4b0346e38ece]   [1m[36mActiveStorage::Attachment Load (0.1ms)[0m  [1m[34mSELECT "active_storage_attachments".* FROM "active_storage_attachments" WHERE "active_storage_attachments"."blob_id" = ?[0m  [["blob_id", 1]]
[ActiveJob] [ActiveStorage::AnalyzeJob] [00736d62-c8e9-4bfc-84a6-4b0346e38ece]   [1m[36mActionText::RichText Load (0.2ms)[0m  [1m[34mSELECT "action_text_rich_texts".* FROM "action_text_rich_texts" WHERE "action_text_rich_texts"."id" = ?[0m  [["id", 1]]
[ActiveJob] [ActiveStorage::AnalyzeJob] [00736d62-c8e9-4bfc-84a6-4b0346e38ece]   [1m[36mPost Load (0.4ms)[0m  [1m[34mSELECT "posts".* FROM "posts" WHERE "posts"."id" = ? LIMIT ?[0m  [["id", 1], ["LIMIT", 1]]
[ActiveJob] [ActiveStorage::AnalyzeJob] [00736d62-c8e9-4bfc-84a6-4b0346e38ece]   [1m[36mActionText::RichText Update (0.2ms)[0m  [1m[33mUPDATE "action_text_rich_texts" SET "updated_at" = ? WHERE "action_text_rich_texts"."id" = ?[0m  [["updated_at", "2023-03-26 23:29:58.044185"], ["id", 1]]
[ActiveJob] [ActiveStorage::AnalyzeJob] [00736d62-c8e9-4bfc-84a6-4b0346e38ece]   [1m[36mPost Update (0.4ms)[0m  [1m[33mUPDATE "posts" SET "updated_at" = ? WHERE "posts"."id" = ?[0m  [["updated_at", "2023-03-26 23:29:58.059335"], ["id", 1]]
[ActiveJob] [ActiveStorage::AnalyzeJob] [00736d62-c8e9-4bfc-84a6-4b0346e38ece]   [1m[36mTRANSACTION (18.1ms)[0m  [1m[36mcommit transaction[0m
[ActiveJob] [ActiveStorage::AnalyzeJob] [00736d62-c8e9-4bfc-84a6-4b0346e38ece] Performed ActiveStorage::AnalyzeJob (Job ID: 00736d62-c8e9-4bfc-84a6-4b0346e38ece) from Async(default) in 169.53ms
Processing by PostsController#show as TURBO_STREAM
  Parameters: {"id"=>"1"}
  [1m[36mPost Load (0.3ms)[0m  [1m[34mSELECT "posts".* FROM "posts" WHERE "posts"."id" = ? LIMIT ?[0m  [["id", 1], ["LIMIT", 1]]
  ↳ app/controllers/posts_controller.rb:63:in `set_post'
  Rendering layout layouts/application.html.erb
  Rendering posts/show.html.erb within layouts/application
  [1m[36mActionText::RichText Load (0.7ms)[0m  [1m[34mSELECT "action_text_rich_texts".* FROM "action_text_rich_texts" WHERE "action_text_rich_texts"."record_id" = ? AND "action_text_rich_texts"."record_type" = ? AND "action_text_rich_texts"."name" = ? LIMIT ?[0m  [["record_id", 1], ["record_type", "Post"], ["name", "body"], ["LIMIT", 1]]
  ↳ app/views/posts/_post.html.erb:8
  [1m[36mActiveStorage::Blob Load (0.1ms)[0m  [1m[34mSELECT "active_storage_blobs".* FROM "active_storage_blobs" WHERE "active_storage_blobs"."id" = ? LIMIT ?[0m  [["id", 1], ["LIMIT", 1]]
  ↳ app/views/posts/_post.html.erb:8
  Rendered active_storage/blobs/_blob.html.erb (Duration: 14.9ms | Allocations: 3341)
  Rendered /home/tanay/.rbenv/versions/3.2.1/lib/ruby/gems/3.2.0/bundler/gems/rails-2d43f513afd6/actiontext/app/views/action_text/contents/_content.html.erb within layouts/action_text/contents/_content (Duration: 26.4ms | Allocations: 6397)
  Rendered posts/_post.html.erb (Duration: 38.4ms | Allocations: 8216)
  Rendered posts/show.html.erb within layouts/application (Duration: 41.6ms | Allocations: 9227)
  Rendered layout layouts/application.html.erb (Duration: 48.2ms | Allocations: 11724)
Completed 200 OK in 54ms (Views: 48.0ms | ActiveRecord: 1.1ms | Allocations: 13210)


Started GET "/rails/active_storage/representations/redirect/eyJfcmFpbHMiOnsiZGF0YSI6MSwicHVyIjoiYmxvYl9pZCJ9fQ==--4cd993ddc22d95ad798885fcadd28a1f13ae6446/eyJfcmFpbHMiOnsiZGF0YSI6eyJmb3JtYXQiOiJwbmciLCJyZXNpemVfdG9fbGltaXQiOlsxMDI0LDc2OF19LCJwdXIiOiJ2YXJpYXRpb24ifX0=--5ca1b52726e6d508f7a7fde477b4465cafed68a9/stock-photo-portrait-of-smiling-red-haired-millennial-man-looking-at-camera-sitting-in-caf-or-coffeeshop-250nw-1194497251.webp" for ::1 at 2023-03-27 04:59:58 +0530
Processing by ActiveStorage::Representations::RedirectController#show as */*
  Parameters: {"signed_blob_id"=>"eyJfcmFpbHMiOnsiZGF0YSI6MSwicHVyIjoiYmxvYl9pZCJ9fQ==--4cd993ddc22d95ad798885fcadd28a1f13ae6446", "variation_key"=>"[FILTERED]", "filename"=>"stock-photo-portrait-of-smiling-red-haired-millennial-man-looking-at-camera-sitting-in-caf-or-coffeeshop-250nw-1194497251"}
  [1m[36mActiveStorage::Blob Load (0.2ms)[0m  [1m[34mSELECT "active_storage_blobs".* FROM "active_storage_blobs" WHERE "active_storage_blobs"."id" = ? LIMIT ?[0m  [["id", 1], ["LIMIT", 1]]
  [1m[36mActiveStorage::VariantRecord Load (0.1ms)[0m  [1m[34mSELECT "active_storage_variant_records".* FROM "active_storage_variant_records" WHERE "active_storage_variant_records"."blob_id" = ? AND "active_storage_variant_records"."variation_digest" = ? LIMIT ?[0m  [["blob_id", 1], ["variation_digest", "wjqVtOuFppDd1oEBBMUc2TyD8vk="], ["LIMIT", 1]]
[36m  Disk Storage (0.2ms) [0m[34mDownloaded file from key: pymhkxgqsb6tq3r1qcw2taygqb1y[0m
Completed 500 Internal Server Error in 60ms (ActiveRecord: 0.6ms | Allocations: 9361)


  
LoadError (Could not open library 'vips.so.42': vips.so.42: cannot open shared object file: No such file or directory.
Could not open library 'libvips.so.42': libvips.so.42: cannot open shared object file: No such file or directory):
  
ffi (1.15.5) lib/ffi/library.rb:145:in `block in ffi_lib'
ffi (1.15.5) lib/ffi/library.rb:99:in `map'
ffi (1.15.5) lib/ffi/library.rb:99:in `ffi_lib'
ruby-vips (2.1.4) lib/vips.rb:573:in `<module:Vips>'
ruby-vips (2.1.4) lib/vips.rb:570:in `<main>'
<internal:/home/tanay/.rbenv/versions/3.2.1/lib/ruby/3.2.0/rubygems/core_ext/kernel_require.rb>:37:in `require'
<internal:/home/tanay/.rbenv/versions/3.2.1/lib/ruby/3.2.0/rubygems/core_ext/kernel_require.rb>:37:in `require'
bootsnap (1.16.0) lib/bootsnap/load_path_cache/core_ext/kernel_require.rb:32:in `require'
zeitwerk (2.6.7) lib/zeitwerk/kernel.rb:38:in `require'
image_processing (1.12.2) lib/image_processing/vips.rb:1:in `<main>'
<internal:/home/tanay/.rbenv/versions/3.2.1/lib/ruby/3.2.0/rubygems/core_ext/kernel_require.rb>:37:in `require'
<internal:/home/tanay/.rbenv/versions/3.2.1/lib/ruby/3.2.0/rubygems/core_ext/kernel_require.rb>:37:in `require'
bootsnap (1.16.0) lib/bootsnap/load_path_cache/core_ext/kernel_require.rb:32:in `require'
zeitwerk (2.6.7) lib/zeitwerk/kernel.rb:38:in `require'
rails (2d43f513afd6) activestorage/lib/active_storage/transformers/image_processing_transformer.rb:29:in `const_get'
rails (2d43f513afd6) activestorage/lib/active_storage/transformers/image_processing_transformer.rb:29:in `processor'
rails (2d43f513afd6) activestorage/lib/active_storage/transformers/image_processing_transformer.rb:20:in `process'
rails (2d43f513afd6) activestorage/lib/active_storage/transformers/transformer.rb:22:in `transform'
rails (2d43f513afd6) activestorage/app/models/active_storage/variation.rb:56:in `block in transform'
rails (2d43f513afd6) activesupport/lib/active_support/notifications.rb:206:in `block in instrument'
rails (2d43f513afd6) activesupport/lib/active_support/notifications/instrumenter.rb:58:in `instrument'
rails (2d43f513afd6) activesupport/lib/active_support/notifications.rb:206:in `instrument'
rails (2d43f513afd6) activestorage/app/models/active_storage/variation.rb:55:in `transform'
rails (2d43f513afd6) activestorage/app/models/active_storage/variant_with_record.rb:40:in `block in transform_blob'
rails (2d43f513afd6) activestorage/lib/active_storage/downloader.rb:15:in `block in open'
rails (2d43f513afd6) activestorage/lib/active_storage/downloader.rb:24:in `open_tempfile'
rails (2d43f513afd6) activestorage/lib/active_storage/downloader.rb:12:in `open'
rails (2d43f513afd6) activestorage/lib/active_storage/service.rb:90:in `open'
rails (2d43f513afd6) activestorage/app/models/active_storage/blob.rb:288:in `open'
rails (2d43f513afd6) activestorage/app/models/active_storage/variant_with_record.rb:39:in `transform_blob'
rails (2d43f513afd6) activestorage/app/models/active_storage/variant_with_record.rb:19:in `process'
rails (2d43f513afd6) activestorage/app/models/active_storage/variant_with_record.rb:14:in `processed'
rails (2d43f513afd6) activestorage/app/controllers/active_storage/representations/base_controller.rb:14:in `set_representation'
rails (2d43f513afd6) activesupport/lib/active_support/callbacks.rb:401:in `block in make_lambda'
rails (2d43f513afd6) activesupport/lib/active_support/callbacks.rb:200:in `block (2 levels) in halting'
rails (2d43f513afd6) actionpack/lib/abstract_controller/callbacks.rb:34:in `block (2 levels) in <module:Callbacks>'
rails (2d43f513afd6) activesupport/lib/active_support/callbacks.rb:201:in `block in halting'
rails (2d43f513afd6) activesupport/lib/active_support/callbacks.rb:596:in `block in invoke_before'
rails (2d43f513afd6) activesupport/lib/active_support/callbacks.rb:596:in `each'
rails (2d43f513afd6) activesupport/lib/active_support/callbacks.rb:596:in `invoke_before'
rails (2d43f513afd6) activesupport/lib/active_support/callbacks.rb:117:in `block in run_callbacks'
rails (2d43f513afd6) actiontext/lib/action_text/rendering.rb:23:in `with_renderer'
rails (2d43f513afd6) actiontext/lib/action_text/engine.rb:69:in `block (4 levels) in <class:Engine>'
rails (2d43f513afd6) activesupport/lib/active_support/callbacks.rb:128:in `instance_exec'
rails (2d43f513afd6) activesupport/lib/active_support/callbacks.rb:128:in `block in run_callbacks'
rails (2d43f513afd6) activesupport/lib/active_support/callbacks.rb:139:in `run_callbacks'
rails (2d43f513afd6) actionpack/lib/abstract_controller/callbacks.rb:258:in `process_action'
rails (2d43f513afd6) actionpack/lib/action_controller/metal/rescue.rb:22:in `process_action'
rails (2d43f513afd6) actionpack/lib/action_controller/metal/instrumentation.rb:72:in `block in process_action'
rails (2d43f513afd6) activesupport/lib/active_support/notifications.rb:206:in `block in instrument'
rails (2d43f513afd6) activesupport/lib/active_support/notifications/instrumenter.rb:58:in `instrument'
rails (2d43f513afd6) activesupport/lib/active_support/notifications.rb:206:in `instrument'
rails (2d43f513afd6) actionpack/lib/action_controller/metal/instrumentation.rb:71:in `process_action'
rails (2d43f513afd6) actionpack/lib/action_controller/metal/params_wrapper.rb:259:in `process_action'
rails (2d43f513afd6) activerecord/lib/active_record/railties/controller_runtime.rb:32:in `process_action'
rails (2d43f513afd6) actionpack/lib/abstract_controller/base.rb:156:in `process'
rails (2d43f513afd6) actionview/lib/action_view/rendering.rb:40:in `process'
rails (2d43f513afd6) actionpack/lib/action_controller/metal.rb:219:in `dispatch'
rails (2d43f513afd6) actionpack/lib/action_controller/metal.rb:290:in `dispatch'
rails (2d43f513afd6) actionpack/lib/action_dispatch/routing/route_set.rb:49:in `dispatch'
rails (2d43f513afd6) actionpack/lib/action_dispatch/routing/route_set.rb:32:in `serve'
rails (2d43f513afd6) actionpack/lib/action_dispatch/journey/router.rb:51:in `block in serve'
rails (2d43f513afd6) actionpack/lib/action_dispatch/journey/router.rb:32:in `each'
rails (2d43f513afd6) actionpack/lib/action_dispatch/journey/router.rb:32:in `serve'
rails (2d43f513afd6) actionpack/lib/action_dispatch/routing/route_set.rb:882:in `call'
rack (3.0.7) lib/rack/tempfile_reaper.rb:20:in `call'
rack (3.0.7) lib/rack/etag.rb:29:in `call'
rack (3.0.7) lib/rack/conditional_get.rb:31:in `call'
rack (3.0.7) lib/rack/head.rb:15:in `call'
rails (2d43f513afd6) actionpack/lib/action_dispatch/http/permissions_policy.rb:37:in `call'
rails (2d43f513afd6) actionpack/lib/action_dispatch/http/content_security_policy.rb:35:in `call'
rack-session (2.0.0) lib/rack/session/abstract/id.rb:272:in `context'
rack-session (2.0.0) lib/rack/session/abstract/id.rb:266:in `call'
rails (2d43f513afd6) actionpack/lib/action_dispatch/middleware/cookies.rb:711:in `call'
rails (2d43f513afd6) activerecord/lib/active_record/migration.rb:621:in `call'
rails (2d43f513afd6) actionpack/lib/action_dispatch/middleware/callbacks.rb:27:in `block in call'
rails (2d43f513afd6) activesupport/lib/active_support/callbacks.rb:99:in `run_callbacks'
rails (2d43f513afd6) actionpack/lib/action_dispatch/middleware/callbacks.rb:26:in `call'
rails (2d43f513afd6) actionpack/lib/action_dispatch/middleware/executor.rb:14:in `call'
rails (2d43f513afd6) actionpack/lib/action_dispatch/middleware/actionable_exceptions.rb:17:in `call'
rails (2d43f513afd6) actionpack/lib/action_dispatch/middleware/debug_exceptions.rb:27:in `call'
web-console (4.2.0) lib/web_console/middleware.rb:132:in `call_app'
web-console (4.2.0) lib/web_console/middleware.rb:28:in `block in call'
web-console (4.2.0) lib/web_console/middleware.rb:17:in `catch'
web-console (4.2.0) lib/web_console/middleware.rb:17:in `call'
rails (2d43f513afd6) actionpack/lib/action_dispatch/middleware/show_exceptions.rb:25:in `call'
rails (2d43f513afd6) railties/lib/rails/rack/logger.rb:37:in `call_app'
rails (2d43f513afd6) railties/lib/rails/rack/logger.rb:24:in `block in call'
rails (2d43f513afd6) activesupport/lib/active_support/tagged_logging.rb:133:in `block in tagged'
rails (2d43f513afd6) activesupport/lib/active_support/tagged_logging.rb:37:in `tagged'
rails (2d43f513afd6) activesupport/lib/active_support/tagged_logging.rb:133:in `tagged'
rails (2d43f513afd6) railties/lib/rails/rack/logger.rb:24:in `call'
sprockets-rails (3.4.2) lib/sprockets/rails/quiet_assets.rb:13:in `call'
rails (2d43f513afd6) actionpack/lib/action_dispatch/middleware/remote_ip.rb:90:in `call'
rails (2d43f513afd6) actionpack/lib/action_dispatch/middleware/request_id.rb:26:in `call'
rack (3.0.7) lib/rack/method_override.rb:28:in `call'
rack (3.0.7) lib/rack/runtime.rb:24:in `call'
rails (2d43f513afd6) activesupport/lib/active_support/cache/strategy/local_cache_middleware.rb:29:in `call'
rails (2d43f513afd6) actionpack/lib/action_dispatch/middleware/server_timing.rb:61:in `block in call'
rails (2d43f513afd6) actionpack/lib/action_dispatch/middleware/server_timing.rb:26:in `collect_events'
rails (2d43f513afd6) actionpack/lib/action_dispatch/middleware/server_timing.rb:60:in `call'
rails (2d43f513afd6) actionpack/lib/action_dispatch/middleware/executor.rb:14:in `call'
rails (2d43f513afd6) actionpack/lib/action_dispatch/middleware/static.rb:23:in `call'
rack (3.0.7) lib/rack/sendfile.rb:114:in `call'
rails (2d43f513afd6) actionpack/lib/action_dispatch/middleware/host_authorization.rb:138:in `call'
rails (2d43f513afd6) railties/lib/rails/engine.rb:529:in `call'
puma (6.1.1) lib/puma/configuration.rb:269:in `call'
puma (6.1.1) lib/puma/request.rb:98:in `block in handle_request'
puma (6.1.1) lib/puma/thread_pool.rb:340:in `with_force_shutdown'
puma (6.1.1) lib/puma/request.rb:97:in `handle_request'
puma (6.1.1) lib/puma/server.rb:431:in `process_client'
puma (6.1.1) lib/puma/server.rb:233:in `block in run'
puma (6.1.1) lib/puma/thread_pool.rb:147:in `block in spawn_thread'
Started GET "/posts/1" for ::1 at 2023-03-27 05:16:30 +0530
  [1m[36mActiveRecord::SchemaMigration Load (0.2ms)[0m  [1m[34mSELECT "schema_migrations"."version" FROM "schema_migrations" ORDER BY "schema_migrations"."version" ASC[0m
Processing by PostsController#show as HTML
  Parameters: {"id"=>"1"}
  [1m[36mPost Load (0.5ms)[0m  [1m[34mSELECT "posts".* FROM "posts" WHERE "posts"."id" = ? LIMIT ?[0m  [["id", 1], ["LIMIT", 1]]
  ↳ app/controllers/posts_controller.rb:63:in `set_post'
  Rendering layout layouts/application.html.erb
  Rendering posts/show.html.erb within layouts/application
  [1m[36mActionText::RichText Load (1.3ms)[0m  [1m[34mSELECT "action_text_rich_texts".* FROM "action_text_rich_texts" WHERE "action_text_rich_texts"."record_id" = ? AND "action_text_rich_texts"."record_type" = ? AND "action_text_rich_texts"."name" = ? LIMIT ?[0m  [["record_id", 1], ["record_type", "Post"], ["name", "body"], ["LIMIT", 1]]
  ↳ app/views/posts/_post.html.erb:8
  [1m[36mActiveStorage::Blob Load (0.3ms)[0m  [1m[34mSELECT "active_storage_blobs".* FROM "active_storage_blobs" WHERE "active_storage_blobs"."id" = ? LIMIT ?[0m  [["id", 1], ["LIMIT", 1]]
  ↳ app/views/posts/_post.html.erb:8
  Rendered active_storage/blobs/_blob.html.erb (Duration: 15.2ms | Allocations: 2299)
  Rendered /home/tanay/.rbenv/versions/3.2.1/lib/ruby/gems/3.2.0/bundler/gems/rails-2d43f513afd6/actiontext/app/views/action_text/contents/_content.html.erb within layouts/action_text/contents/_content (Duration: 62.4ms | Allocations: 10761)
  Rendered posts/_post.html.erb (Duration: 158.8ms | Allocations: 26152)
  Rendered posts/show.html.erb within layouts/application (Duration: 176.7ms | Allocations: 27498)
  Rendered layout layouts/application.html.erb (Duration: 489.2ms | Allocations: 63051)
Completed 200 OK in 692ms (Views: 495.1ms | ActiveRecord: 4.5ms | Allocations: 79043)


Started GET "/rails/active_storage/representations/redirect/eyJfcmFpbHMiOnsiZGF0YSI6MSwicHVyIjoiYmxvYl9pZCJ9fQ==--4cd993ddc22d95ad798885fcadd28a1f13ae6446/eyJfcmFpbHMiOnsiZGF0YSI6eyJmb3JtYXQiOiJwbmciLCJyZXNpemVfdG9fbGltaXQiOlsxMDI0LDc2OF19LCJwdXIiOiJ2YXJpYXRpb24ifX0=--5ca1b52726e6d508f7a7fde477b4465cafed68a9/stock-photo-portrait-of-smiling-red-haired-millennial-man-looking-at-camera-sitting-in-caf-or-coffeeshop-250nw-1194497251.webp" for ::1 at 2023-03-27 05:16:34 +0530
Processing by ActiveStorage::Representations::RedirectController#show as */*
  Parameters: {"signed_blob_id"=>"eyJfcmFpbHMiOnsiZGF0YSI6MSwicHVyIjoiYmxvYl9pZCJ9fQ==--4cd993ddc22d95ad798885fcadd28a1f13ae6446", "variation_key"=>"[FILTERED]", "filename"=>"stock-photo-portrait-of-smiling-red-haired-millennial-man-looking-at-camera-sitting-in-caf-or-coffeeshop-250nw-1194497251"}
  [1m[36mActiveStorage::Blob Load (0.2ms)[0m  [1m[34mSELECT "active_storage_blobs".* FROM "active_storage_blobs" WHERE "active_storage_blobs"."id" = ? LIMIT ?[0m  [["id", 1], ["LIMIT", 1]]
  [1m[36mActiveStorage::VariantRecord Load (0.2ms)[0m  [1m[34mSELECT "active_storage_variant_records".* FROM "active_storage_variant_records" WHERE "active_storage_variant_records"."blob_id" = ? AND "active_storage_variant_records"."variation_digest" = ? LIMIT ?[0m  [["blob_id", 1], ["variation_digest", "wjqVtOuFppDd1oEBBMUc2TyD8vk="], ["LIMIT", 1]]
[36m  Disk Storage (0.2ms) [0m[34mDownloaded file from key: pymhkxgqsb6tq3r1qcw2taygqb1y[0m
  [1m[36mTRANSACTION (0.1ms)[0m  [1m[36mbegin transaction[0m
  [1m[36mActiveStorage::VariantRecord Create (4.1ms)[0m  [1m[32mINSERT INTO "active_storage_variant_records" ("blob_id", "variation_digest") VALUES (?, ?)[0m  [["blob_id", 1], ["variation_digest", "wjqVtOuFppDd1oEBBMUc2TyD8vk="]]
  [1m[36mActiveStorage::Blob Load (0.3ms)[0m  [1m[34mSELECT "active_storage_blobs".* FROM "active_storage_blobs" INNER JOIN "active_storage_attachments" ON "active_storage_blobs"."id" = "active_storage_attachments"."blob_id" WHERE "active_storage_attachments"."record_id" = ? AND "active_storage_attachments"."record_type" = ? AND "active_storage_attachments"."name" = ? LIMIT ?[0m  [["record_id", 1], ["record_type", "ActiveStorage::VariantRecord"], ["name", "image"], ["LIMIT", 1]]
  [1m[36mActiveStorage::Attachment Load (0.2ms)[0m  [1m[34mSELECT "active_storage_attachments".* FROM "active_storage_attachments" WHERE "active_storage_attachments"."record_id" = ? AND "active_storage_attachments"."record_type" = ? AND "active_storage_attachments"."name" = ? LIMIT ?[0m  [["record_id", 1], ["record_type", "ActiveStorage::VariantRecord"], ["name", "image"], ["LIMIT", 1]]
  [1m[36mActiveStorage::Blob Create (0.7ms)[0m  [1m[32mINSERT INTO "active_storage_blobs" ("key", "filename", "content_type", "metadata", "service_name", "byte_size", "checksum", "created_at") VALUES (?, ?, ?, ?, ?, ?, ?, ?)[0m  [["key", "8akg7gy4d1ml4v14ailrjzry0vob"], ["filename", "stock-photo-portrait-of-smiling-red-haired-millennial-man-looking-at-camera-sitting-in-caf-or-coffeeshop-250nw-1194497251.png"], ["content_type", "image/png"], ["metadata", "{\"identified\":true}"], ["service_name", "local"], ["byte_size", 60427], ["checksum", "dFYY3ntkF+quAhJJ+60BuQ=="], ["created_at", "2023-03-26 23:46:35.209397"]]
  [1m[36mActiveStorage::Attachment Create (10.5ms)[0m  [1m[32mINSERT INTO "active_storage_attachments" ("name", "record_type", "record_id", "blob_id", "created_at") VALUES (?, ?, ?, ?, ?)[0m  [["name", "image"], ["record_type", "ActiveStorage::VariantRecord"], ["record_id", 1], ["blob_id", 2], ["created_at", "2023-03-26 23:46:35.221408"]]
  [1m[36mTRANSACTION (110.9ms)[0m  [1m[36mcommit transaction[0m
[36m  Disk Storage (15.0ms) [0m[32mUploaded file to key: 8akg7gy4d1ml4v14ailrjzry0vob (checksum: dFYY3ntkF+quAhJJ+60BuQ==)[0m
[ActiveJob] Enqueued ActiveStorage::AnalyzeJob (Job ID: 3a114d6f-8448-4cb9-afa9-f8d3f890986f) to Async(default) with arguments: #<GlobalID:0x00007fe95199b438 @uri=#<URI::GID gid://demo/ActiveStorage::Blob/2>>
[36m  Disk Storage (1.2ms) [0m[34mGenerated URL for file at key: 8akg7gy4d1ml4v14ailrjzry0vob (http://localhost:3000/rails/active_storage/disk/eyJfcmFpbHMiOnsiZGF0YSI6eyJrZXkiOiI4YWtnN2d5NGQxbWw0djE0YWlscmp6cnkwdm9iIiwiZGlzcG9zaXRpb24iOiJpbmxpbmU7IGZpbGVuYW1lPVwic3RvY2stcGhvdG8tcG9ydHJhaXQtb2Ytc21pbGluZy1yZWQtaGFpcmVkLW1pbGxlbm5pYWwtbWFuLWxvb2tpbmctYXQtY2FtZXJhLXNpdHRpbmctaW4tY2FmLW9yLWNvZmZlZXNob3AtMjUwbnctMTE5NDQ5NzI1MS5wbmdcIjsgZmlsZW5hbWUqPVVURi04JydzdG9jay1waG90by1wb3J0cmFpdC1vZi1zbWlsaW5nLXJlZC1oYWlyZWQtbWlsbGVubmlhbC1tYW4tbG9va2luZy1hdC1jYW1lcmEtc2l0dGluZy1pbi1jYWYtb3ItY29mZmVlc2hvcC0yNTBudy0xMTk0NDk3MjUxLnBuZyIsImNvbnRlbnRfdHlwZSI6ImltYWdlL3BuZyIsInNlcnZpY2VfbmFtZSI6ImxvY2FsIn0sImV4cCI6IjIwMjMtMDMtMjZUMjM6NTE6MzUuNDU0WiIsInB1ciI6ImJsb2Jfa2V5In19--fe0b75b6ccb8d5471e6d84449d4154fae351d2e3/stock-photo-portrait-of-smiling-red-haired-millennial-man-looking-at-camera-sitting-in-caf-or-coffeeshop-250nw-1194497251.png)[0m
Redirected to http://localhost:3000/rails/active_storage/disk/eyJfcmFpbHMiOnsiZGF0YSI6eyJrZXkiOiI4YWtnN2d5NGQxbWw0djE0YWlscmp6cnkwdm9iIiwiZGlzcG9zaXRpb24iOiJpbmxpbmU7IGZpbGVuYW1lPVwic3RvY2stcGhvdG8tcG9ydHJhaXQtb2Ytc21pbGluZy1yZWQtaGFpcmVkLW1pbGxlbm5pYWwtbWFuLWxvb2tpbmctYXQtY2FtZXJhLXNpdHRpbmctaW4tY2FmLW9yLWNvZmZlZXNob3AtMjUwbnctMTE5NDQ5NzI1MS5wbmdcIjsgZmlsZW5hbWUqPVVURi04JydzdG9jay1waG90by1wb3J0cmFpdC1vZi1zbWlsaW5nLXJlZC1oYWlyZWQtbWlsbGVubmlhbC1tYW4tbG9va2luZy1hdC1jYW1lcmEtc2l0dGluZy1pbi1jYWYtb3ItY29mZmVlc2hvcC0yNTBudy0xMTk0NDk3MjUxLnBuZyIsImNvbnRlbnRfdHlwZSI6ImltYWdlL3BuZyIsInNlcnZpY2VfbmFtZSI6ImxvY2FsIn0sImV4cCI6IjIwMjMtMDMtMjZUMjM6NTE6MzUuNDU0WiIsInB1ciI6ImJsb2Jfa2V5In19--fe0b75b6ccb8d5471e6d84449d4154fae351d2e3/stock-photo-portrait-of-smiling-red-haired-millennial-man-looking-at-camera-sitting-in-caf-or-coffeeshop-250nw-1194497251.png
Completed 302 Found in 1311ms (ActiveRecord: 134.9ms | Allocations: 63683)


[ActiveJob] [ActiveStorage::AnalyzeJob] [3a114d6f-8448-4cb9-afa9-f8d3f890986f]   [1m[36mActiveStorage::Blob Load (0.5ms)[0m  [1m[34mSELECT "active_storage_blobs".* FROM "active_storage_blobs" WHERE "active_storage_blobs"."id" = ? LIMIT ?[0m  [["id", 2], ["LIMIT", 1]]
[ActiveJob] [ActiveStorage::AnalyzeJob] [3a114d6f-8448-4cb9-afa9-f8d3f890986f] Performing ActiveStorage::AnalyzeJob (Job ID: 3a114d6f-8448-4cb9-afa9-f8d3f890986f) from Async(default) enqueued at 2023-03-26T23:46:35.428233695Z with arguments: #<GlobalID:0x00007fe9519c6778 @uri=#<URI::GID gid://demo/ActiveStorage::Blob/2>>
[ActiveJob] [ActiveStorage::AnalyzeJob] [3a114d6f-8448-4cb9-afa9-f8d3f890986f] [36m  Disk Storage (0.9ms) [0m[34mDownloaded file from key: 8akg7gy4d1ml4v14ailrjzry0vob[0m
[ActiveJob] [ActiveStorage::AnalyzeJob] [3a114d6f-8448-4cb9-afa9-f8d3f890986f]   [1m[36mTRANSACTION (0.3ms)[0m  [1m[36mbegin transaction[0m
[ActiveJob] [ActiveStorage::AnalyzeJob] [3a114d6f-8448-4cb9-afa9-f8d3f890986f]   [1m[36mActiveStorage::Blob Update (13.7ms)[0m  [1m[33mUPDATE "active_storage_blobs" SET "metadata" = ? WHERE "active_storage_blobs"."id" = ?[0m  [["metadata", "{\"identified\":true,\"width\":250,\"height\":167,\"analyzed\":true}"], ["id", 2]]
[ActiveJob] [ActiveStorage::AnalyzeJob] [3a114d6f-8448-4cb9-afa9-f8d3f890986f]   [1m[36mActiveStorage::Attachment Load (0.3ms)[0m  [1m[34mSELECT "active_storage_attachments".* FROM "active_storage_attachments" WHERE "active_storage_attachments"."blob_id" = ?[0m  [["blob_id", 2]]
[ActiveJob] [ActiveStorage::AnalyzeJob] [3a114d6f-8448-4cb9-afa9-f8d3f890986f]   [1m[36mActiveStorage::VariantRecord Load (0.4ms)[0m  [1m[34mSELECT "active_storage_variant_records".* FROM "active_storage_variant_records" WHERE "active_storage_variant_records"."id" = ?[0m  [["id", 1]]
[ActiveJob] [ActiveStorage::AnalyzeJob] [3a114d6f-8448-4cb9-afa9-f8d3f890986f]   [1m[36mTRANSACTION (116.4ms)[0m  [1m[36mcommit transaction[0m
[ActiveJob] [ActiveStorage::AnalyzeJob] [3a114d6f-8448-4cb9-afa9-f8d3f890986f] Performed ActiveStorage::AnalyzeJob (Job ID: 3a114d6f-8448-4cb9-afa9-f8d3f890986f) from Async(default) in 219.07ms
Started GET "/rails/active_storage/disk/eyJfcmFpbHMiOnsiZGF0YSI6eyJrZXkiOiI4YWtnN2d5NGQxbWw0djE0YWlscmp6cnkwdm9iIiwiZGlzcG9zaXRpb24iOiJpbmxpbmU7IGZpbGVuYW1lPVwic3RvY2stcGhvdG8tcG9ydHJhaXQtb2Ytc21pbGluZy1yZWQtaGFpcmVkLW1pbGxlbm5pYWwtbWFuLWxvb2tpbmctYXQtY2FtZXJhLXNpdHRpbmctaW4tY2FmLW9yLWNvZmZlZXNob3AtMjUwbnctMTE5NDQ5NzI1MS5wbmdcIjsgZmlsZW5hbWUqPVVURi04JydzdG9jay1waG90by1wb3J0cmFpdC1vZi1zbWlsaW5nLXJlZC1oYWlyZWQtbWlsbGVubmlhbC1tYW4tbG9va2luZy1hdC1jYW1lcmEtc2l0dGluZy1pbi1jYWYtb3ItY29mZmVlc2hvcC0yNTBudy0xMTk0NDk3MjUxLnBuZyIsImNvbnRlbnRfdHlwZSI6ImltYWdlL3BuZyIsInNlcnZpY2VfbmFtZSI6ImxvY2FsIn0sImV4cCI6IjIwMjMtMDMtMjZUMjM6NTE6MzUuNDU0WiIsInB1ciI6ImJsb2Jfa2V5In19--fe0b75b6ccb8d5471e6d84449d4154fae351d2e3/stock-photo-portrait-of-smiling-red-haired-millennial-man-looking-at-camera-sitting-in-caf-or-coffeeshop-250nw-1194497251.png" for ::1 at 2023-03-27 05:16:36 +0530
Processing by ActiveStorage::DiskController#show as PNG
  Parameters: {"encoded_key"=>"[FILTERED]", "filename"=>"stock-photo-portrait-of-smiling-red-haired-millennial-man-looking-at-camera-sitting-in-caf-or-coffeeshop-250nw-1194497251"}
Completed 200 OK in 2ms (ActiveRecord: 0.0ms | Allocations: 273)


